0 info it worked if it ends with ok
1 verbose cli [ '/usr/bin/node', '/usr/bin/npm', 'install', '-S', 'libsass' ]
2 info using npm@1.4.28
3 info using node@v0.10.33
4 verbose node symlink /usr/bin/node
5 verbose cache add [ 'libsass', null ]
6 verbose cache add name=undefined spec="libsass" args=["libsass",null]
7 verbose parsed url { protocol: null,
7 verbose parsed url   slashes: null,
7 verbose parsed url   auth: null,
7 verbose parsed url   host: null,
7 verbose parsed url   port: null,
7 verbose parsed url   hostname: null,
7 verbose parsed url   hash: null,
7 verbose parsed url   search: null,
7 verbose parsed url   query: null,
7 verbose parsed url   pathname: 'libsass',
7 verbose parsed url   path: 'libsass',
7 verbose parsed url   href: 'libsass' }
8 silly lockFile bb93a93c-libsass libsass
9 verbose lock libsass /home/joey/.npm/bb93a93c-libsass.lock
10 silly lockFile bb93a93c-libsass libsass
11 silly lockFile bb93a93c-libsass libsass
12 verbose addNamed [ 'libsass', '' ]
13 verbose addNamed [ null, '*' ]
14 silly lockFile f34f7d57-libsass libsass@
15 verbose lock libsass@ /home/joey/.npm/f34f7d57-libsass.lock
16 silly addNameRange { name: 'libsass', range: '*', hasData: false }
17 verbose request where is /libsass
18 verbose request registry https://registry.npmjs.org/
19 verbose request id 96276d5d5b18d1b1
20 verbose url raw /libsass
21 verbose url resolving [ 'https://registry.npmjs.org/', './libsass' ]
22 verbose url resolved https://registry.npmjs.org/libsass
23 verbose request where is https://registry.npmjs.org/libsass
24 info trying registry request attempt 1 at 20:11:11
25 http GET https://registry.npmjs.org/libsass
26 http 404 https://registry.npmjs.org/libsass
27 verbose headers { date: 'Thu, 22 Jan 2015 04:11:11 GMT',
27 verbose headers   server: 'CouchDB/1.5.0 (Erlang OTP/R16B03)',
27 verbose headers   'content-type': 'application/json',
27 verbose headers   'cache-control': 'max-age=0',
27 verbose headers   'content-length': '52',
27 verbose headers   'accept-ranges': 'bytes',
27 verbose headers   via: '1.1 varnish',
27 verbose headers   age: '0',
27 verbose headers   'x-served-by': 'cache-lax1424-LAX',
27 verbose headers   'x-cache': 'MISS',
27 verbose headers   'x-cache-hits': '0',
27 verbose headers   'x-timer': 'S1421899871.481220,VS0,VE80',
27 verbose headers   'keep-alive': 'timeout=10, max=50',
27 verbose headers   connection: 'Keep-Alive' }
28 silly registry.get cb [ 404,
28 silly registry.get   { date: 'Thu, 22 Jan 2015 04:11:11 GMT',
28 silly registry.get     server: 'CouchDB/1.5.0 (Erlang OTP/R16B03)',
28 silly registry.get     'content-type': 'application/json',
28 silly registry.get     'cache-control': 'max-age=0',
28 silly registry.get     'content-length': '52',
28 silly registry.get     'accept-ranges': 'bytes',
28 silly registry.get     via: '1.1 varnish',
28 silly registry.get     age: '0',
28 silly registry.get     'x-served-by': 'cache-lax1424-LAX',
28 silly registry.get     'x-cache': 'MISS',
28 silly registry.get     'x-cache-hits': '0',
28 silly registry.get     'x-timer': 'S1421899871.481220,VS0,VE80',
28 silly registry.get     'keep-alive': 'timeout=10, max=50',
28 silly registry.get     connection: 'Keep-Alive' } ]
29 silly lockFile f34f7d57-libsass libsass@
30 silly lockFile f34f7d57-libsass libsass@
31 error 404 404 Not Found: libsass
31 error 404
31 error 404 'libsass' is not in the npm registry.
31 error 404 You should bug the author to publish it
31 error 404
31 error 404 Note that you can also install from a
31 error 404 tarball, folder, or http url, or git url.
32 error System Linux 3.13.0-44-generic
33 error command "/usr/bin/node" "/usr/bin/npm" "install" "-S" "libsass"
34 error cwd /home/joey/Web/codefellows/ui/delicious
35 error node -v v0.10.33
36 error npm -v 1.4.28
37 error code E404
38 verbose exit [ 1, true ]
